Build started 1/30/2017 5:44:21 PM.
     1>Project "d:\documents\visual studio 2015\Projects\pea_1\pea_1\pea_1.vcxproj" on node 2 (Build target(s)).
     1>ClCompile:
         C:\Program Files (x86)\Microsoft Visual Studio 14.0\VC\bin\CL.exe /c /ZI /nologo /W3 /WX- /sdl /Od /Oy- /D _CRT_SECURE_NO_WARNINGS /Gm /EHsc /RTC1 /MDd /GS /fp:precise /Zc:wchar_t /Zc:forScope /Zc:inline /Yu"stdafx.h" /Fp"Debug\pea_1.pch" /Fo"Debug\\" /Fd"Debug\vc140.pdb" /Gd /TP /analyze- /errorReport:prompt Genetic.cpp pea_1.cpp
         Genetic.cpp
     1>d:\documents\visual studio 2015\projects\pea_1\pea_1\genetic.cpp(232): warning C4018: '<': signed/unsigned mismatch
     1>d:\documents\visual studio 2015\projects\pea_1\pea_1\genetic.cpp(334): warning C4244: 'return': conversion from 'double' to 'int', possible loss of data
         Generating Code...
         Compiling...
         pea_1.cpp
     1>d:\documents\visual studio 2015\projects\pea_1\pea_1\pea_1.cpp(45): warning C4101: 'e': unreferenced local variable
     1>d:\documents\visual studio 2015\projects\pea_1\pea_1\pea_1.cpp(137): warning C4244: 'initializing': conversion from 'LONGLONG' to 'double', possible loss of data
     1>d:\documents\visual studio 2015\projects\pea_1\pea_1\pea_1.cpp(165): warning C4244: 'argument': conversion from 'time_t' to 'unsigned int', possible loss of data
         Generating Code...
       Link:
         C:\Program Files (x86)\Microsoft Visual Studio 14.0\VC\bin\link.exe /ERRORREPORT:PROMPT /OUT:"d:\documents\visual studio 2015\Projects\pea_1\Debug\pea_1.exe" /INCREMENTAL /NOLOGO kernel32.lib user32.lib gdi32.lib winspool.lib comdlg32.lib advapi32.lib shell32.lib ole32.lib oleaut32.lib uuid.lib odbc32.lib odbccp32.lib /MANIFEST /MANIFESTUAC:"level='asInvoker' uiAccess='false'" /manifest:embed /Debug /PDB:"d:\documents\visual studio 2015\Projects\pea_1\Debug\pea_1.pdb" /SUBSYSTEM:CONSOLE /TLBID:1 /DYNAMICBASE /NXCOMPAT /IMPLIB:"d:\documents\visual studio 2015\Projects\pea_1\Debug\pea_1.lib" /MACHINE:X86 Debug\Genetic.obj
         Debug\Matrix.obj
         Debug\pea_1.obj
         Debug\SimAnnealing.obj
         Debug\Solution.obj
         Debug\stdafx.obj
         Debug\Move.obj
         Debug\TabuList.obj
         Debug\TabuSearch.obj
         pea_1.vcxproj -> d:\documents\visual studio 2015\Projects\pea_1\Debug\pea_1.exe
     1>Done Building Project "d:\documents\visual studio 2015\Projects\pea_1\pea_1\pea_1.vcxproj" (Build target(s)).

Build succeeded.

Time Elapsed 00:00:01.95
